Using pre-set license
Built from '2021.3/staging' branch; Version is '2021.3.8f1 (b30333d56e81) revision 11731763'; Using compiler version '192829333'; Build Type 'Release'
OS: 'Windows 10  (10.0.19045) 64bit Education' Language: 'ru' Physical Memory: 16221 MB
BatchMode: 1, IsHumanControllingUs: 0, StartBugReporterOnCrash: 0, Is64bit: 1, IsPro: 1

COMMAND LINE ARGUMENTS:
C:\Program Files\Unity\Hub\Editor\2021.3.8f1\Editor\Unity.exe
-adb2
-batchMode
-noUpm
-name
AssetImportWorker0
-projectPath
C:/ProjectUniti/University-Tycoon/University Tycoon
-logFile
Logs/AssetImportWorker0.log
-srvPort
53548
Successfully changed project path to: C:/ProjectUniti/University-Tycoon/University Tycoon
C:/ProjectUniti/University-Tycoon/University Tycoon
[UnityMemory] Configuration Parameters - Can be set up in boot.config
    "memorysetup-bucket-allocator-granularity=16"
    "memorysetup-bucket-allocator-bucket-count=8"
    "memorysetup-bucket-allocator-block-size=33554432"
    "memorysetup-bucket-allocator-block-count=8"
    "memorysetup-main-allocator-block-size=16777216"
    "memorysetup-thread-allocator-block-size=16777216"
    "memorysetup-gfx-main-allocator-block-size=16777216"
    "memorysetup-gfx-thread-allocator-block-size=16777216"
    "memorysetup-cache-allocator-block-size=4194304"
    "memorysetup-typetree-allocator-block-size=2097152"
    "memorysetup-profiler-bucket-allocator-granularity=16"
    "memorysetup-profiler-bucket-allocator-bucket-count=8"
    "memorysetup-profiler-bucket-allocator-block-size=33554432"
    "memorysetup-profiler-bucket-allocator-block-count=8"
    "memorysetup-profiler-allocator-block-size=16777216"
    "memorysetup-profiler-editor-allocator-block-size=1048576"
    "memorysetup-temp-allocator-size-main=16777216"
    "memorysetup-job-temp-allocator-block-size=2097152"
    "memorysetup-job-temp-allocator-block-size-background=1048576"
    "memorysetup-job-temp-allocator-reduction-small-platforms=262144"
    "memorysetup-temp-allocator-size-background-worker=32768"
    "memorysetup-temp-allocator-size-job-worker=262144"
    "memorysetup-temp-allocator-size-preload-manager=33554432"
    "memorysetup-temp-allocator-size-nav-mesh-worker=65536"
    "memorysetup-temp-allocator-size-audio-worker=65536"
    "memorysetup-temp-allocator-size-cloud-worker=32768"
    "memorysetup-temp-allocator-size-gi-baking-worker=262144"
    "memorysetup-temp-allocator-size-gfx=262144"
Refreshing native plugins compatible for Editor in 112.11 ms, found 4 plugins.
Preloading 0 native plugins for Editor in 0.00 ms.
Initialize engine version: 2021.3.8f1 (b30333d56e81)
[Subsystems] Discovering subsystems at path C:/Program Files/Unity/Hub/Editor/2021.3.8f1/Editor/Data/Resources/UnitySubsystems
[Subsystems] Discovering subsystems at path C:/ProjectUniti/University-Tycoon/University Tycoon/Assets
GfxDevice: creating device client; threaded=0; jobified=0
Direct3D:
    Version:  Direct3D 11.0 [level 11.1]
    Renderer: NVIDIA GeForce GTX 1650 (ID=0x1f99)
    Vendor:   NVIDIA
    VRAM:     3962 MB
    Driver:   31.0.15.1691
Shader 'TextMeshPro/Distance Field': fallback shader 'TextMeshPro/Mobile/Distance Field' not found
Shader 'TextMeshPro/Distance Field SSD': fallback shader 'TextMeshPro/Mobile/Distance Field' not found
Shader 'TextMeshPro/Distance Field Overlay': fallback shader 'TextMeshPro/Mobile/Distance Field' not found
Initialize mono
Mono path[0] = 'C:/Program Files/Unity/Hub/Editor/2021.3.8f1/Editor/Data/Managed'
Mono path[1] = 'C:/Program Files/Unity/Hub/Editor/2021.3.8f1/Editor/Data/MonoBleedingEdge/lib/mono/unityjit-win32'
Mono config path = 'C:/Program Files/Unity/Hub/Editor/2021.3.8f1/Editor/Data/MonoBleedingEdge/etc'
Using monoOptions --debugger-agent=transport=dt_socket,embedding=1,server=y,suspend=n,address=127.0.0.1:56012
Begin MonoManager ReloadAssembly
Registering precompiled unity dll's ...
Register platform support module: C:/Program Files/Unity/Hub/Editor/2021.3.8f1/Editor/Data/PlaybackEngines/AndroidPlayer/UnityEditor.Android.Extensions.dll
Register platform support module: C:/Program Files/Unity/Hub/Editor/2021.3.8f1/Editor/Data/PlaybackEngines/WindowsStandaloneSupport/UnityEditor.WindowsStandalone.Extensions.dll
Register platform support module: C:/Program Files/Unity/Hub/Editor/2021.3.8f1/Editor/Data/PlaybackEngines/MetroSupport/UnityEditor.UWP.Extensions.dll
Registered in 0.010778 seconds.
Native extension for UWP target not found
Native extension for WindowsStandalone target not found
Native extension for Android target not found
Refreshing native plugins compatible for Editor in 111.94 ms, found 4 plugins.
Preloading 0 native plugins for Editor in 0.00 ms.
Mono: successfully reloaded assembly
- Completed reload, in  0.727 seconds
Domain Reload Profiling:
	ReloadAssembly (727ms)
		BeginReloadAssembly (81ms)
			ExecutionOrderSort (0ms)
			DisableScriptedObjects (0ms)
			BackupInstance (0ms)
			ReleaseScriptingObjects (0ms)
			CreateAndSetChildDomain (1ms)
		EndReloadAssembly (527ms)
			LoadAssemblies (79ms)
			RebuildTransferFunctionScriptingTraits (0ms)
			SetupTypeCache (113ms)
			ReleaseScriptCaches (0ms)
			RebuildScriptCaches (28ms)
			SetupLoadedEditorAssemblies (328ms)
				LogAssemblyErrors (0ms)
				InitializePlatformSupportModulesInManaged (60ms)
				SetLoadedEditorAssemblies (2ms)
				RefreshPlugins (112ms)
				BeforeProcessingInitializeOnLoad (1ms)
				ProcessInitializeOnLoadAttributes (100ms)
				ProcessInitializeOnLoadMethodAttributes (52ms)
				AfterProcessingInitializeOnLoad (0ms)
				EditorAssembliesLoaded (0ms)
			ExecutionOrderSort2 (0ms)
			AwakeInstancesAfterBackupRestoration (0ms)
Platform modules already initialized, skipping
Registering precompiled user dll's ...
Registered in 0.008139 seconds.
Begin MonoManager ReloadAssembly
Symbol file LoadedFromMemory doesn't match image C:\ProjectUniti\University-Tycoon\University Tycoon\Library\PackageCache\com.unity.visualscripting@1.7.8\Editor\VisualScripting.Core\Dependencies\YamlDotNet\Unity.VisualScripting.YamlDotNet.dll
Symbol file LoadedFromMemory doesn't match image C:\ProjectUniti\University-Tycoon\University Tycoon\Library\PackageCache\com.unity.visualscripting@1.7.8\Editor\VisualScripting.Core\Dependencies\DotNetZip\Unity.VisualScripting.IonicZip.dll
Native extension for UWP target not found
Native extension for WindowsStandalone target not found
Native extension for Android target not found
Refreshing native plugins compatible for Editor in 119.54 ms, found 4 plugins.
Preloading 0 native plugins for Editor in 0.00 ms.
Mono: successfully reloaded assembly
- Completed reload, in  1.307 seconds
Domain Reload Profiling:
	ReloadAssembly (1308ms)
		BeginReloadAssembly (238ms)
			ExecutionOrderSort (0ms)
			DisableScriptedObjects (10ms)
			BackupInstance (0ms)
			ReleaseScriptingObjects (0ms)
			CreateAndSetChildDomain (136ms)
		EndReloadAssembly (948ms)
			LoadAssemblies (84ms)
			RebuildTransferFunctionScriptingTraits (0ms)
			SetupTypeCache (243ms)
			ReleaseScriptCaches (1ms)
			RebuildScriptCaches (58ms)
			SetupLoadedEditorAssemblies (513ms)
				LogAssemblyErrors (0ms)
				InitializePlatformSupportModulesInManaged (14ms)
				SetLoadedEditorAssemblies (0ms)
				RefreshPlugins (120ms)
				BeforeProcessingInitializeOnLoad (96ms)
				ProcessInitializeOnLoadAttributes (230ms)
				ProcessInitializeOnLoadMethodAttributes (45ms)
				AfterProcessingInitializeOnLoad (8ms)
				EditorAssembliesLoaded (0ms)
			ExecutionOrderSort2 (0ms)
			AwakeInstancesAfterBackupRestoration (8ms)
Platform modules already initialized, skipping
========================================================================
Worker process is ready to serve import requests
Launched and connected shader compiler UnityShaderCompiler.exe after 0.04 seconds
Refreshing native plugins compatible for Editor in 1.81 ms, found 4 plugins.
Preloading 0 native plugins for Editor in 0.00 ms.
Unloading 4093 Unused Serialized files (Serialized files now loaded: 0)
Unloading 38 unused Assets / (55.3 KB). Loaded Objects now: 4551.
Memory consumption went from 154.8 MB to 154.8 MB.
Total: 5.311300 ms (FindLiveObjects: 0.734600 ms CreateObjectMapping: 0.665100 ms MarkObjects: 3.788200 ms  DeleteObjects: 0.122500 ms)

AssetImportParameters requested are different than current active one (requested -> active):
  custom:video-decoder-ogg-theora: a1e56fd34408186e4bbccfd4996cb3dc -> 
  custom:container-muxer-webm: aa71ff27fc2769a1b78a27578f13a17b -> 
  custom:container-demuxer-webm: 4f35f7cbe854078d1ac9338744f61a02 -> 
  custom:video-encoder-webm-vp8: eb34c28f22e8b96e1ab97ce403110664 -> 
  custom:audio-encoder-webm-vorbis: bf7c407c2cedff20999df2af8eb42d56 -> 
  custom:framework-win-MediaFoundation: 216162199b28c13a410421893ffa2e32 -> 
  custom:container-demuxer-ogg: 62fdf1f143b41e24485cea50d1cbac27 -> 
  custom:video-decoder-webm-vp8: 9c59270c3fd7afecdb556c50c9e8de78 -> 
  custom:audio-decoder-ogg-vorbis: bf7c407c2cedff20999df2af8eb42d56 -> 
========================================================================
Received Import Request.
  Time since last request: 1302937.961500 seconds.
  path: Assets/GUI PRO Kit - Casual Game/Prefabs/Prefabs_Component_Buttons/Btn_OtherButton_Circle01_n.prefab
  artifactKey: Guid(7e4742c1c1a1448d8ab96a2962bcb691) Importer(815301076,1909f56bfc062723c751e8b465ee728b)
Start importing Assets/GUI PRO Kit - Casual Game/Prefabs/Prefabs_Component_Buttons/Btn_OtherButton_Circle01_n.prefab using Guid(7e4742c1c1a1448d8ab96a2962bcb691) Importer(815301076,1909f56bfc062723c751e8b465ee728b)  -> (artifact id: '63cf1aef6ef607e52fa26b3cf54926db') in 0.074917 seconds 
========================================================================
Received Import Request.
  Time since last request: 0.000026 seconds.
  path: Assets/GUI PRO Kit - Casual Game/Prefabs/Prefabs_Component_Buttons/Btn_MainButton_Green.prefab
  artifactKey: Guid(9e10565277ea942469a04e8e4a29b8e8) Importer(815301076,1909f56bfc062723c751e8b465ee728b)
Start importing Assets/GUI PRO Kit - Casual Game/Prefabs/Prefabs_Component_Buttons/Btn_MainButton_Green.prefab using Guid(9e10565277ea942469a04e8e4a29b8e8) Importer(815301076,1909f56bfc062723c751e8b465ee728b)  -> (artifact id: 'c393e3e8ea0b12fbdfb2a4f17ff93d9a') in 0.030729 seconds 
========================================================================
Received Import Request.
  Time since last request: 0.000043 seconds.
  path: Assets/GUI PRO Kit - Casual Game/Prefabs/Prefabs_Component_Buttons/Btn_OtherButton_Square03_Purple.prefab
  artifactKey: Guid(ef5d2e555b20e464697fd2c7cb4f9678) Importer(815301076,1909f56bfc062723c751e8b465ee728b)
Start importing Assets/GUI PRO Kit - Casual Game/Prefabs/Prefabs_Component_Buttons/Btn_OtherButton_Square03_Purple.prefab using Guid(ef5d2e555b20e464697fd2c7cb4f9678) Importer(815301076,1909f56bfc062723c751e8b465ee728b)  -> (artifact id: '348ba7fb295d2fb0c9e25a02f4cd71f7') in 0.024125 seconds 
========================================================================
Received Import Request.
  Time since last request: 0.000073 seconds.
  path: Assets/GUI PRO Kit - Casual Game/Prefabs/Prefabs_Component_Buttons/Btn_MainButton_White.prefab
  artifactKey: Guid(8ba6aaa54c2a54fc89efad79b667970d) Importer(815301076,1909f56bfc062723c751e8b465ee728b)
Start importing Assets/GUI PRO Kit - Casual Game/Prefabs/Prefabs_Component_Buttons/Btn_MainButton_White.prefab using Guid(8ba6aaa54c2a54fc89efad79b667970d) Importer(815301076,1909f56bfc062723c751e8b465ee728b)  -> (artifact id: 'c46002a9d1e9be4ff5a44b8261010742') in 0.024753 seconds 
========================================================================
Received Import Request.
  Time since last request: 0.000189 seconds.
  path: Assets/GUI PRO Kit - Casual Game/Prefabs/Prefabs_Component_Buttons/Btn_OtherButton_Square02.prefab
  artifactKey: Guid(7ff6613f1b6c54467a8faf21ff261247) Importer(815301076,1909f56bfc062723c751e8b465ee728b)
Start importing Assets/GUI PRO Kit - Casual Game/Prefabs/Prefabs_Component_Buttons/Btn_OtherButton_Square02.prefab using Guid(7ff6613f1b6c54467a8faf21ff261247) Importer(815301076,1909f56bfc062723c751e8b465ee728b)  -> (artifact id: 'fdf65bdae885706b9db79ddc0f91b4c8') in 0.016544 seconds 
========================================================================
Received Import Request.
  Time since last request: 0.000029 seconds.
  path: Assets/GUI PRO Kit - Casual Game/Prefabs/Prefabs_Component_Buttons/Btn_OtherButton_Circle01_d.prefab
  artifactKey: Guid(8c49446e2bb594c8cb4015fcf0542ec7) Importer(815301076,1909f56bfc062723c751e8b465ee728b)
Start importing Assets/GUI PRO Kit - Casual Game/Prefabs/Prefabs_Component_Buttons/Btn_OtherButton_Circle01_d.prefab using Guid(8c49446e2bb594c8cb4015fcf0542ec7) Importer(815301076,1909f56bfc062723c751e8b465ee728b)  -> (artifact id: 'a3053e2b2114361fd91e46abf59238d4') in 0.021269 seconds 
========================================================================
Received Import Request.
  Time since last request: 0.000031 seconds.
  path: Assets/GUI PRO Kit - Casual Game/Prefabs/Prefabs_Component_Buttons/Btn_MainButton_BlueGray.prefab
  artifactKey: Guid(f112556180188462e8d21b748d8da130) Importer(815301076,1909f56bfc062723c751e8b465ee728b)
Start importing Assets/GUI PRO Kit - Casual Game/Prefabs/Prefabs_Component_Buttons/Btn_MainButton_BlueGray.prefab using Guid(f112556180188462e8d21b748d8da130) Importer(815301076,1909f56bfc062723c751e8b465ee728b)  -> (artifact id: '3c656aedd193bc4188e52d40775165cc') in 0.030967 seconds 
========================================================================
Received Import Request.
  Time since last request: 0.000033 seconds.
  path: Assets/GUI PRO Kit - Casual Game/Prefabs/Prefabs_Component_Buttons/Btn_OtherButton_Square01_Yellow.prefab
  artifactKey: Guid(f090e23226d0445e3942f04bf4616c03) Importer(815301076,1909f56bfc062723c751e8b465ee728b)
Start importing Assets/GUI PRO Kit - Casual Game/Prefabs/Prefabs_Component_Buttons/Btn_OtherButton_Square01_Yellow.prefab using Guid(f090e23226d0445e3942f04bf4616c03) Importer(815301076,1909f56bfc062723c751e8b465ee728b)  -> (artifact id: 'd2b22637a7832c6cf569752f23bd94ce') in 0.031559 seconds 
========================================================================
Received Import Request.
  Time since last request: 0.000025 seconds.
  path: Assets/GUI PRO Kit - Casual Game/Prefabs/Prefabs_Component_Buttons/Btn_OtherButton_Square04.prefab
  artifactKey: Guid(5b97edb2477e44ce3a3186c6ec1e1f3d) Importer(815301076,1909f56bfc062723c751e8b465ee728b)
Start importing Assets/GUI PRO Kit - Casual Game/Prefabs/Prefabs_Component_Buttons/Btn_OtherButton_Square04.prefab using Guid(5b97edb2477e44ce3a3186c6ec1e1f3d) Importer(815301076,1909f56bfc062723c751e8b465ee728b)  -> (artifact id: '3433173d039626b754b1d9bb2e509865') in 0.017585 seconds 
========================================================================
Received Import Request.
  Time since last request: 0.000034 seconds.
  path: Assets/GUI PRO Kit - Casual Game/Prefabs/Prefabs_Component_Buttons/Btn_OtherButton_Square01_Blue.prefab
  artifactKey: Guid(dd8be203362534465bb76e3090c1564f) Importer(815301076,1909f56bfc062723c751e8b465ee728b)
Start importing Assets/GUI PRO Kit - Casual Game/Prefabs/Prefabs_Component_Buttons/Btn_OtherButton_Square01_Blue.prefab using Guid(dd8be203362534465bb76e3090c1564f) Importer(815301076,1909f56bfc062723c751e8b465ee728b)  -> (artifact id: 'ee2ee26a72b77353baccaafbbb4b280d') in 0.029222 seconds 
========================================================================
Received Import Request.
  Time since last request: 0.000029 seconds.
  path: Assets/GUI PRO Kit - Casual Game/Prefabs/Prefabs_Component_Buttons/Btn_OtherButton_Square03_Blue.prefab
  artifactKey: Guid(95611a4ae71f8491cb11d410875147bd) Importer(815301076,1909f56bfc062723c751e8b465ee728b)
Start importing Assets/GUI PRO Kit - Casual Game/Prefabs/Prefabs_Component_Buttons/Btn_OtherButton_Square03_Blue.prefab using Guid(95611a4ae71f8491cb11d410875147bd) Importer(815301076,1909f56bfc062723c751e8b465ee728b)  -> (artifact id: '817727cdacee107061577563d1434df5') in 0.020509 seconds 
========================================================================
Received Import Request.
  Time since last request: 0.000030 seconds.
  path: Assets/GUI PRO Kit - Casual Game/Prefabs/Prefabs_Component_Buttons/Btn_OtherButton_SideButton01_Left.prefab
  artifactKey: Guid(c4727d5c45d9d41c3a274e7ffab962dc) Importer(815301076,1909f56bfc062723c751e8b465ee728b)
Start importing Assets/GUI PRO Kit - Casual Game/Prefabs/Prefabs_Component_Buttons/Btn_OtherButton_SideButton01_Left.prefab using Guid(c4727d5c45d9d41c3a274e7ffab962dc) Importer(815301076,1909f56bfc062723c751e8b465ee728b)  -> (artifact id: '938c6f7cbac693baba87a3f7582d6fa4') in 0.011577 seconds 
========================================================================
Received Import Request.
  Time since last request: 0.000027 seconds.
  path: Assets/GUI PRO Kit - Casual Game/Prefabs/Prefabs_Component_Buttons/Btn_OtherButton_Square06.prefab
  artifactKey: Guid(d21c37bdbcc744219a752b64f206e898) Importer(815301076,1909f56bfc062723c751e8b465ee728b)
Start importing Assets/GUI PRO Kit - Casual Game/Prefabs/Prefabs_Component_Buttons/Btn_OtherButton_Square06.prefab using Guid(d21c37bdbcc744219a752b64f206e898) Importer(815301076,1909f56bfc062723c751e8b465ee728b)  -> (artifact id: '3eabfe3cb6ce41c7aa3d83eec4512993') in 0.014853 seconds 
========================================================================
Received Import Request.
  Time since last request: 0.000029 seconds.
  path: Assets/GUI PRO Kit - Casual Game/Prefabs/Prefabs_Component_Buttons/Btn_MainButton_Red.prefab
  artifactKey: Guid(9a8b60df0dfe24bbf9cace34d56930ad) Importer(815301076,1909f56bfc062723c751e8b465ee728b)
Start importing Assets/GUI PRO Kit - Casual Game/Prefabs/Prefabs_Component_Buttons/Btn_MainButton_Red.prefab using Guid(9a8b60df0dfe24bbf9cace34d56930ad) Importer(815301076,1909f56bfc062723c751e8b465ee728b)  -> (artifact id: '75cc22e454c83c6ea65a92403e22eccf') in 0.028479 seconds 
========================================================================
Received Import Request.
  Time since last request: 0.000150 seconds.
  path: Assets/GUI PRO Kit - Casual Game/Prefabs/Prefabs_Component_Buttons/Btn_OtherButton_Square08.prefab
  artifactKey: Guid(b7b74df048b214bc18025b5f7193ff6c) Importer(815301076,1909f56bfc062723c751e8b465ee728b)
Start importing Assets/GUI PRO Kit - Casual Game/Prefabs/Prefabs_Component_Buttons/Btn_OtherButton_Square08.prefab using Guid(b7b74df048b214bc18025b5f7193ff6c) Importer(815301076,1909f56bfc062723c751e8b465ee728b)  -> (artifact id: '57e291e4df03c532f3f662fb45b44a6b') in 0.020339 seconds 
========================================================================
Received Import Request.
  Time since last request: 0.000061 seconds.
  path: Assets/GUI PRO Kit - Casual Game/Prefabs/Prefabs_Component_Buttons/Btn_MainButton_Purple.prefab
  artifactKey: Guid(b0f639c3f42fa45f88859cda7d1ee061) Importer(815301076,1909f56bfc062723c751e8b465ee728b)
Start importing Assets/GUI PRO Kit - Casual Game/Prefabs/Prefabs_Component_Buttons/Btn_MainButton_Purple.prefab using Guid(b0f639c3f42fa45f88859cda7d1ee061) Importer(815301076,1909f56bfc062723c751e8b465ee728b)  -> (artifact id: '239f34fe7469fe92feb29e8891790b04') in 0.035962 seconds 
========================================================================
Received Import Request.
  Time since last request: 0.000025 seconds.
  path: Assets/GUI PRO Kit - Casual Game/Prefabs/Prefabs_Component_Buttons/Btn_MainButton_Yellow.prefab
  artifactKey: Guid(aa27390216c3a4dd89ce5cf5ad82da72) Importer(815301076,1909f56bfc062723c751e8b465ee728b)
Start importing Assets/GUI PRO Kit - Casual Game/Prefabs/Prefabs_Component_Buttons/Btn_MainButton_Yellow.prefab using Guid(aa27390216c3a4dd89ce5cf5ad82da72) Importer(815301076,1909f56bfc062723c751e8b465ee728b)  -> (artifact id: 'f5b69132368c90da6a6525e914ad9093') in 0.030609 seconds 
